<?xml version="1.0" encoding="UTF-8"?>
<!-- Generated by org.testng.reporters.JUnitReportReporter -->
<testsuite skipped="0" hostname="skombettu-LV-IND-LPT-189L" name="com.krn.actitime.task.DeleteCustomer" tests="1" failures="0" timestamp="2020-06-19T22:26:52 IST" time="21.848" errors="0">
  <testcase name="deleteCustomer" time="21.848" classname="com.krn.actitime.task.DeleteCustomer"/>
  <system-out/>
</testsuite> <!-- com.krn.actitime.task.DeleteCustomer -->
